<?xml version="1.0" encoding="UTF-8"?>
<!-- Generated by org.testng.reporters.JUnitReportReporter -->
<testsuite skipped="0" hostname="IN-PF0QTVUJ" name="com.technocredits.orghrm.testScripts.PIM_AddEmployeeTest" tests="1" failures="0" timestamp="2021-11-01T19:03:56 IST" time="58.239" errors="0">
  <testcase name="verifyAddEmployeeTest" time="58.239" classname="com.technocredits.orghrm.testScripts.PIM_AddEmployeeTest"/>
  <system-out/>
</testsuite> <!-- com.technocredits.orghrm.testScripts.PIM_AddEmployeeTest -->
