<?xml version="1.0" encoding="UTF-8"?>
<!-- Generated by org.testng.reporters.JUnitReportReporter -->
<testsuite skipped="0" hostname="IN-PF0QTVUJ" name="com.technocredits.orghrm.testScripts.PIM_AddEmployeeTest" tests="4" failures="0" timestamp="2021-11-08T16:47:54 IST" time="293.406" errors="0">
  <testcase name="verifyAddEmployeeDataDrivenTest" time="69.630" classname="com.technocredits.orghrm.testScripts.PIM_AddEmployeeTest"/>
  <system-out/>
  <testcase name="verifyAddEmployeeDataDrivenTest" time="66.673" classname="com.technocredits.orghrm.testScripts.PIM_AddEmployeeTest"/>
  <system-out/>
  <testcase name="verifyAddEmployeeDataDrivenTest" time="81.807" classname="com.technocredits.orghrm.testScripts.PIM_AddEmployeeTest"/>
  <system-out/>
  <testcase name="verifyAddEmployeeDataDrivenTest" time="75.296" classname="com.technocredits.orghrm.testScripts.PIM_AddEmployeeTest"/>
  <system-out/>
</testsuite> <!-- com.technocredits.orghrm.testScripts.PIM_AddEmployeeTest -->
