<?xml version="1.0" encoding="UTF-8"?>
<!-- Generated by org.testng.reporters.JUnitReportReporter -->
<testsuite skipped="0" hostname="IN-PF0QTVUJ" name="com.technocredits.orghrm.base.PredefinedActions" tests="1" failures="0" timestamp="2021-11-01T11:46:15 IST" time="15.076" errors="0">
  <testcase name="start" time="15.076" classname="com.technocredits.orghrm.base.PredefinedActions"/>
  <system-out/>
</testsuite> <!-- com.technocredits.orghrm.base.PredefinedActions -->
