<?xml version="1.0" encoding="UTF-8"?>
<!-- Generated by org.testng.reporters.JUnitReportReporter -->
<testsuite skipped="0" hostname="IN-PF0QTVUJ" name="com.technocredits.orghrm.pages.PIM_AddEmployeePage" tests="1" failures="0" timestamp="2021-11-08T16:18:46 IST" time="10.184" errors="0">
  <testcase name="start" time="10.184" classname="com.technocredits.orghrm.pages.PIM_AddEmployeePage"/>
  <system-out/>
</testsuite> <!-- com.technocredits.orghrm.pages.PIM_AddEmployeePage -->
