<?xml version="1.0" encoding="UTF-8"?>
<!-- Generated by org.testng.reporters.JUnitReportReporter -->
<testsuite skipped="0" hostname="IN-PF0QTVUJ" name="com.technocredits.orghrm.pages.PIM_AddEmployeePage" tests="1" failures="0" timestamp="2021-11-01T18:59:33 IST" time="9.123" errors="0">
  <testcase name="start" time="9.123" classname="com.technocredits.orghrm.pages.PIM_AddEmployeePage"/>
  <system-out/>
</testsuite> <!-- com.technocredits.orghrm.pages.PIM_AddEmployeePage -->
