<?xml version="1.0" encoding="UTF-8"?>
<!-- Generated by org.testng.reporters.JUnitReportReporter -->
<testsuite skipped="0" hostname="IN-PF0QTVUJ" name="com.technocredits.orghrm.testScripts.PIM_EmployeeListTest" tests="1" failures="0" timestamp="2021-11-01T18:43:39 IST" time="28.462" errors="0">
  <testcase name="verifyEmpData" time="28.462" classname="com.technocredits.orghrm.testScripts.PIM_EmployeeListTest"/>
  <system-out/>
</testsuite> <!-- com.technocredits.orghrm.testScripts.PIM_EmployeeListTest -->
